生成启动时间为 2020/9/18 22:38:36。
     1>项目“D:\Program Files (x86)\code\code1\code1\code1.vcxproj”在节点 2 上(Build 个目标)。
     1>ClCompile:
         D:\Program Files (x86)\Microsoft Visual Studio 12.0\VC\bin\CL.exe /c /ZI /nologo /W3 /WX- /sdl /Od /Oy- /D _MBCS /Gm /EHsc /RTC1 /MDd /GS /fp:precise /Zc:wchar_t /Zc:forScope /Fo"Debug\\" /Fd"Debug\vc120.pdb" /Gd /TP /analyze- /errorReport:prompt test.cpp
         test.cpp
     1>d:\program files (x86)\code\code1\code1\test.cpp(5): warning C4551: 缺少参数列表的函数调用
     1>d:\program files (x86)\code\code1\code1\test.cpp(7): error C2065: “鎴戣鎷垮ぇoffer”: 未声明的标识符
     1>d:\program files (x86)\code\code1\code1\test.cpp(7): error C2143: 语法错误 : 缺少“;”(在“return”的前面)
     1>已完成生成项目“D:\Program Files (x86)\code\code1\code1\code1.vcxproj”(Build 个目标)的操作 - 失败。

生成失败。

已用时间 00:00:00.20
